<?xml version="1.0" encoding="UTF-8"?>
<!-- Generated by org.testng.reporters.JUnitReportReporter -->
<testsuite hostname="krish" failures="0" tests="1" name="p1.c1" time="5.208" errors="0" timestamp="19 Aug 2024 04:59:36 GMT" skipped="0">
  <testcase classname="p1.c1" name="t1" time="5.208"/>
</testsuite> <!-- p1.c1 -->
